<?xml version="1.0" encoding="UTF-8"?>
<!-- Generated by org.testng.reporters.JUnitReportReporter -->
<testsuite hostname="LAPTOP-F149G61N" failures="0" tests="1" name="com.org.WebstaurantStore.AddProductToCartAndEmptyCart" time="53.083" errors="0" timestamp="2022-09-15T10:24:10 EDT" skipped="0">
  <testcase classname="com.org.WebstaurantStore.AddProductToCartAndEmptyCart" name="addProductToCart" time="53.083"/>
  <system-out>
    <![CDATA[maximize the window
Search for stainless work table products]]>
  </system-out>
</testsuite> <!-- com.org.WebstaurantStore.AddProductToCartAndEmptyCart -->
