<?xml version="1.0" encoding="UTF-8"?>
<!-- Generated by org.testng.reporters.JUnitReportReporter -->
<testsuite hostname="LAPTOP-F149G61N" failures="0" tests="1" name="com.org.WebstaurantStore.AddProductToCartAndEmptyCart" time="49.060" errors="0" timestamp="2022-09-15T16:29:18 EDT" skipped="0">
  <testcase classname="com.org.WebstaurantStore.AddProductToCartAndEmptyCart" name="addProductToCart" time="49.060"/>
  <system-out>
    <![CDATA[Browser Launched
maximize the window
Search for stainless work table products
Checking products through pagination
Total number pages - 9
Product titles that does not contain Table
Steelton 30" x 36" 18-Gauge Stainless Steel Equipment Stand with Undershelf and Galvanized Legs
Steelton 30" x 24" 18-Gauge Stainless Steel Equipment Stand with Undershelf and Galvanized Legs
Steelton 30" x 48" 18-Gauge Stainless Steel Equipment Stand with Undershelf and Galvanized Legs
Steelton 30" x 60" 18-Gauge Stainless Steel Equipment Stand with Undershelf and Galvanized Legs
Steelton 30" x 72" 18-Gauge Stainless Steel Equipment Stand with Undershelf and Galvanized Legs
Regency 30" x 48" 16-Gauge Stainless Steel Equipment Stand with Galvanized Undershelf, 10" Plate Shelf, and 10" Stainless Steel Adjustable Work Surface
Regency 24" x 24" 16-Gauge Stainless Steel Equipment Stand with Galvanized Undershelf and 10" Stainless Steel Adjustable Work Surface
Regency 30" x 36" 16-Gauge Stainless Steel Equipment Stand with Galvanized Undershelf and 10" Stainless Steel Adjustable Work Surface
Regency 30" x 36" 16-Gauge Stainless Steel Equipment Stand with Galvanized Undershelf, 10" Plate Shelf, and 10" Stainless Steel Adjustable Work Surface
Regency 24" x 24" 16-Gauge Stainless Steel Equipment Stand with Galvanized Undershelf, 10" Plate Shelf, and 10" Stainless Steel Adjustable Work Surface
Regency 30" x 48" 16-Gauge Stainless Steel Equipment Stand with Galvanized Undershelf and 10" Stainless Steel Adjustable Work Surface
Metro MS1848-FSFS PrepMate MultiStation with Stainless Steel Shelving - 50" x 19 3/8" x 39 1/8"
Product added to the cart:Advance Tabco FMG-307 30" x 84" 16 Gauge Stainless Steel Commercial Work Table with Undershelf and 1 1/2" Backsplash
ITEM NUMBER
#109FMG307
Better
$1,113.75/Each
Login for details
Product removed from the cart]]>
  </system-out>
</testsuite> <!-- com.org.WebstaurantStore.AddProductToCartAndEmptyCart -->
